2019-03-25 14:08:35.307  INFO 7584 --- [restartedMain] c.l.s.EmployeeApplication                : Starting EmployeeApplication on MYT-NAYNYEINTUN with PID 7584 (started by naynyeintun in D:\Mytel NNT\Test\springbootrestapiexample)
2019-03-25 14:08:35.308  INFO 7584 --- [restartedMain] c.l.s.EmployeeApplication                : No active profile set, falling back to default profiles: default
2019-03-25 14:08:35.379  INFO 7584 --- [restartedMain] ationConfigEmbeddedWebApplicationContext : Refreshing org.springframework.boot.context.embedded.AnnotationConfigEmbeddedWebApplicationContext@5efb5733: startup date [Mon Mar 25 14:08:35 MMT 2019]; root of context hierarchy
2019-03-25 14:08:36.922  INFO 7584 --- [restartedMain] s.b.c.e.t.TomcatEmbeddedServletContainer : Tomcat initialized with port(s): 8399 (http)
2019-03-25 14:08:36.930  INFO 7584 --- [restartedMain] o.apache.catalina.core.StandardService   : Starting service [Tomcat]
2019-03-25 14:08:36.931  INFO 7584 --- [restartedMain] org.apache.catalina.core.StandardEngine  : Starting Servlet Engine: Apache Tomcat/8.5.15
2019-03-25 14:08:37.002  INFO 7584 --- [localhost-startStop-1] o.a.c.c.C.[Tomcat].[localhost].[/]       : Initializing Spring embedded WebApplicationContext
2019-03-25 14:08:37.003  INFO 7584 --- [localhost-startStop-1] o.s.web.context.ContextLoader            : Root WebApplicationContext: initialization completed in 1627 ms
2019-03-25 14:08:37.096  INFO 7584 --- [localhost-startStop-1] o.s.b.w.servlet.ServletRegistrationBean  : Mapping servlet: 'dispatcherServlet' to [/]
2019-03-25 14:08:37.099  INFO 7584 --- [localhost-startStop-1] o.s.b.w.servlet.FilterRegistrationBean   : Mapping filter: 'characterEncodingFilter' to: [/*]
2019-03-25 14:08:37.099  INFO 7584 --- [localhost-startStop-1] o.s.b.w.servlet.FilterRegistrationBean   : Mapping filter: 'hiddenHttpMethodFilter' to: [/*]
2019-03-25 14:08:37.099  INFO 7584 --- [localhost-startStop-1] o.s.b.w.servlet.FilterRegistrationBean   : Mapping filter: 'httpPutFormContentFilter' to: [/*]
2019-03-25 14:08:37.099  INFO 7584 --- [localhost-startStop-1] o.s.b.w.servlet.FilterRegistrationBean   : Mapping filter: 'requestContextFilter' to: [/*]
2019-03-25 14:08:37.811  INFO 7584 --- [restartedMain] j.LocalContainerEntityManagerFactoryBean : Building JPA container EntityManagerFactory for persistence unit 'default'
2019-03-25 14:08:37.820  INFO 7584 --- [restartedMain] o.hibernate.jpa.internal.util.LogHelper  : HHH000204: Processing PersistenceUnitInfo [
	name: default
	...]
2019-03-25 14:08:37.865  INFO 7584 --- [restartedMain] org.hibernate.Version                    : HHH000412: Hibernate Core {5.0.12.Final}
2019-03-25 14:08:37.866  INFO 7584 --- [restartedMain] org.hibernate.cfg.Environment            : HHH000206: hibernate.properties not found
2019-03-25 14:08:37.866  INFO 7584 --- [restartedMain] org.hibernate.cfg.Environment            : HHH000021: Bytecode provider name : javassist
2019-03-25 14:08:37.895  INFO 7584 --- [restartedMain] o.hibernate.annotations.common.Version   : HCANN000001: Hibernate Commons Annotations {5.0.1.Final}
2019-03-25 14:08:37.963  INFO 7584 --- [restartedMain] org.hibernate.dialect.Dialect            : HHH000400: Using dialect: org.hibernate.dialect.MySQL5Dialect
2019-03-25 14:08:38.353  INFO 7584 --- [restartedMain] org.hibernate.tool.hbm2ddl.SchemaUpdate  : HHH000228: Running hbm2ddl schema update
2019-03-25 14:08:38.410  INFO 7584 --- [restartedMain] j.LocalContainerEntityManagerFactoryBean : Initialized JPA EntityManagerFactory for persistence unit 'default'
2019-03-25 14:08:38.771  INFO 7584 --- [restartedMain] s.w.s.m.m.a.RequestMappingHandlerAdapter : Looking for @ControllerAdvice: org.springframework.boot.context.embedded.AnnotationConfigEmbeddedWebApplicationContext@5efb5733: startup date [Mon Mar 25 14:08:35 MMT 2019]; root of context hierarchy
2019-03-25 14:08:38.822  INFO 7584 --- [restartedMain] s.w.s.m.m.a.RequestMappingHandlerMapping : Mapped "{[/company/employees],methods=[GET]}" onto public java.util.List<Employee> EmployeeController.getAllEmployees()
2019-03-25 14:08:38.824  INFO 7584 --- [restartedMain] s.w.s.m.m.a.RequestMappingHandlerMapping : Mapped "{[/company/employees/{id}],methods=[GET]}" onto public org.springframework.http.ResponseEntity<Employee> EmployeeController.getEmployeeById(java.lang.Long)
2019-03-25 14:08:38.824  INFO 7584 --- [restartedMain] s.w.s.m.m.a.RequestMappingHandlerMapping : Mapped "{[/company/employees/{id}],methods=[DELETE]}" onto public org.springframework.http.ResponseEntity<Employee> EmployeeController.deleteEmployee(java.lang.Long)
2019-03-25 14:08:38.824  INFO 7584 --- [restartedMain] s.w.s.m.m.a.RequestMappingHandlerMapping : Mapped "{[/company/employees/{id}],methods=[PUT]}" onto public org.springframework.http.ResponseEntity<Employee> EmployeeController.updateEmployee(java.lang.Long,Employee)
2019-03-25 14:08:38.825  INFO 7584 --- [restartedMain] s.w.s.m.m.a.RequestMappingHandlerMapping : Mapped "{[/company/employees],methods=[POST]}" onto public Employee EmployeeController.createEmployee(Employee)
2019-03-25 14:08:38.826  INFO 7584 --- [restartedMain] s.w.s.m.m.a.RequestMappingHandlerMapping : Mapped "{[/error]}" onto public org.springframework.http.ResponseEntity<java.util.Map<java.lang.String, java.lang.Object>> org.springframework.boot.autoconfigure.web.BasicErrorController.error(javax.servlet.http.HttpServletRequest)
2019-03-25 14:08:38.826  INFO 7584 --- [restartedMain] s.w.s.m.m.a.RequestMappingHandlerMapping : Mapped "{[/error],produces=[text/html]}" onto public org.springframework.web.servlet.ModelAndView org.springframework.boot.autoconfigure.web.BasicErrorController.errorHtml(javax.servlet.http.HttpServletRequest,javax.servlet.http.HttpServletResponse)
2019-03-25 14:08:38.848  INFO 7584 --- [restartedMain] o.s.w.s.handler.SimpleUrlHandlerMapping  : Mapped URL path [/webjars/**] onto handler of type [class org.springframework.web.servlet.resource.ResourceHttpRequestHandler]
2019-03-25 14:08:38.848  INFO 7584 --- [restartedMain] o.s.w.s.handler.SimpleUrlHandlerMapping  : Mapped URL path [/**] onto handler of type [class org.springframework.web.servlet.resource.ResourceHttpRequestHandler]
2019-03-25 14:08:38.875  INFO 7584 --- [restartedMain] o.s.w.s.handler.SimpleUrlHandlerMapping  : Mapped URL path [/**/favicon.ico] onto handler of type [class org.springframework.web.servlet.resource.ResourceHttpRequestHandler]
2019-03-25 14:08:39.046  INFO 7584 --- [restartedMain] o.s.b.d.a.OptionalLiveReloadServer       : LiveReload server is running on port 35729
2019-03-25 14:08:39.094  INFO 7584 --- [restartedMain] o.s.j.e.a.AnnotationMBeanExporter        : Registering beans for JMX exposure on startup
2019-03-25 14:08:39.137  INFO 7584 --- [restartedMain] s.b.c.e.t.TomcatEmbeddedServletContainer : Tomcat started on port(s): 8399 (http)
2019-03-25 14:08:39.141  INFO 7584 --- [restartedMain] c.l.s.EmployeeApplication                : Started EmployeeApplication in 4.051 seconds (JVM running for 4.735)
2019-03-25 14:09:14.037  INFO 7584 --- [http-nio-8399-exec-1] o.a.c.c.C.[Tomcat].[localhost].[/]       : Initializing Spring FrameworkServlet 'dispatcherServlet'
2019-03-25 14:09:14.037  INFO 7584 --- [http-nio-8399-exec-1] o.s.web.servlet.DispatcherServlet        : FrameworkServlet 'dispatcherServlet': initialization started
2019-03-25 14:09:14.057  INFO 7584 --- [http-nio-8399-exec-1] o.s.web.servlet.DispatcherServlet        : FrameworkServlet 'dispatcherServlet': initialization completed in 20 ms
2019-03-25 14:09:44.179  INFO 9184 --- [restartedMain] c.l.s.EmployeeApplication                : Starting EmployeeApplication on MYT-NAYNYEINTUN with PID 9184 (started by naynyeintun in D:\Mytel NNT\Test\springbootrestapiexample)
2019-03-25 14:09:44.181  INFO 9184 --- [restartedMain] c.l.s.EmployeeApplication                : No active profile set, falling back to default profiles: default
2019-03-25 14:09:44.248  INFO 9184 --- [restartedMain] ationConfigEmbeddedWebApplicationContext : Refreshing org.springframework.boot.context.embedded.AnnotationConfigEmbeddedWebApplicationContext@3eb13559: startup date [Mon Mar 25 14:09:44 MMT 2019]; root of context hierarchy
2019-03-25 14:09:45.784  INFO 9184 --- [restartedMain] s.b.c.e.t.TomcatEmbeddedServletContainer : Tomcat initialized with port(s): 8399 (http)
2019-03-25 14:09:45.791  INFO 9184 --- [restartedMain] o.apache.catalina.core.StandardService   : Starting service [Tomcat]
2019-03-25 14:09:45.792  INFO 9184 --- [restartedMain] org.apache.catalina.core.StandardEngine  : Starting Servlet Engine: Apache Tomcat/8.5.15
2019-03-25 14:09:45.860  INFO 9184 --- [localhost-startStop-1] o.a.c.c.C.[Tomcat].[localhost].[/]       : Initializing Spring embedded WebApplicationContext
2019-03-25 14:09:45.860  INFO 9184 --- [localhost-startStop-1] o.s.web.context.ContextLoader            : Root WebApplicationContext: initialization completed in 1614 ms
2019-03-25 14:09:45.957  INFO 9184 --- [localhost-startStop-1] o.s.b.w.servlet.ServletRegistrationBean  : Mapping servlet: 'dispatcherServlet' to [/]
2019-03-25 14:09:45.960  INFO 9184 --- [localhost-startStop-1] o.s.b.w.servlet.FilterRegistrationBean   : Mapping filter: 'characterEncodingFilter' to: [/*]
2019-03-25 14:09:45.961  INFO 9184 --- [localhost-startStop-1] o.s.b.w.servlet.FilterRegistrationBean   : Mapping filter: 'hiddenHttpMethodFilter' to: [/*]
2019-03-25 14:09:45.961  INFO 9184 --- [localhost-startStop-1] o.s.b.w.servlet.FilterRegistrationBean   : Mapping filter: 'httpPutFormContentFilter' to: [/*]
2019-03-25 14:09:45.961  INFO 9184 --- [localhost-startStop-1] o.s.b.w.servlet.FilterRegistrationBean   : Mapping filter: 'requestContextFilter' to: [/*]
2019-03-25 14:09:46.609  INFO 9184 --- [restartedMain] j.LocalContainerEntityManagerFactoryBean : Building JPA container EntityManagerFactory for persistence unit 'default'
2019-03-25 14:09:46.618  INFO 9184 --- [restartedMain] o.hibernate.jpa.internal.util.LogHelper  : HHH000204: Processing PersistenceUnitInfo [
	name: default
	...]
2019-03-25 14:09:46.665  INFO 9184 --- [restartedMain] org.hibernate.Version                    : HHH000412: Hibernate Core {5.0.12.Final}
2019-03-25 14:09:46.666  INFO 9184 --- [restartedMain] org.hibernate.cfg.Environment            : HHH000206: hibernate.properties not found
2019-03-25 14:09:46.667  INFO 9184 --- [restartedMain] org.hibernate.cfg.Environment            : HHH000021: Bytecode provider name : javassist
2019-03-25 14:09:46.698  INFO 9184 --- [restartedMain] o.hibernate.annotations.common.Version   : HCANN000001: Hibernate Commons Annotations {5.0.1.Final}
2019-03-25 14:09:46.771  INFO 9184 --- [restartedMain] org.hibernate.dialect.Dialect            : HHH000400: Using dialect: org.hibernate.dialect.MySQL5Dialect
2019-03-25 14:09:47.140  INFO 9184 --- [restartedMain] org.hibernate.tool.hbm2ddl.SchemaUpdate  : HHH000228: Running hbm2ddl schema update
2019-03-25 14:09:47.196  INFO 9184 --- [restartedMain] j.LocalContainerEntityManagerFactoryBean : Initialized JPA EntityManagerFactory for persistence unit 'default'
2019-03-25 14:09:47.572  INFO 9184 --- [restartedMain] s.w.s.m.m.a.RequestMappingHandlerAdapter : Looking for @ControllerAdvice: org.springframework.boot.context.embedded.AnnotationConfigEmbeddedWebApplicationContext@3eb13559: startup date [Mon Mar 25 14:09:44 MMT 2019]; root of context hierarchy
2019-03-25 14:09:47.624  INFO 9184 --- [restartedMain] s.w.s.m.m.a.RequestMappingHandlerMapping : Mapped "{[/company/employees],methods=[POST]}" onto public Employee EmployeeController.createEmployee(Employee)
2019-03-25 14:09:47.625  INFO 9184 --- [restartedMain] s.w.s.m.m.a.RequestMappingHandlerMapping : Mapped "{[/company/employees],methods=[GET]}" onto public java.util.List<Employee> EmployeeController.getAllEmployees()
2019-03-25 14:09:47.625  INFO 9184 --- [restartedMain] s.w.s.m.m.a.RequestMappingHandlerMapping : Mapped "{[/company/employees/{id}],methods=[DELETE]}" onto public org.springframework.http.ResponseEntity<Employee> EmployeeController.deleteEmployee(java.lang.Long)
2019-03-25 14:09:47.626  INFO 9184 --- [restartedMain] s.w.s.m.m.a.RequestMappingHandlerMapping : Mapped "{[/company/employees/{id}],methods=[GET]}" onto public org.springframework.http.ResponseEntity<Employee> EmployeeController.getEmployeeById(java.lang.Long)
2019-03-25 14:09:47.626  INFO 9184 --- [restartedMain] s.w.s.m.m.a.RequestMappingHandlerMapping : Mapped "{[/company/employees/{id}],methods=[PUT]}" onto public org.springframework.http.ResponseEntity<Employee> EmployeeController.updateEmployee(java.lang.Long,Employee)
2019-03-25 14:09:47.628  INFO 9184 --- [restartedMain] s.w.s.m.m.a.RequestMappingHandlerMapping : Mapped "{[/error]}" onto public org.springframework.http.ResponseEntity<java.util.Map<java.lang.String, java.lang.Object>> org.springframework.boot.autoconfigure.web.BasicErrorController.error(javax.servlet.http.HttpServletRequest)
2019-03-25 14:09:47.628  INFO 9184 --- [restartedMain] s.w.s.m.m.a.RequestMappingHandlerMapping : Mapped "{[/error],produces=[text/html]}" onto public org.springframework.web.servlet.ModelAndView org.springframework.boot.autoconfigure.web.BasicErrorController.errorHtml(javax.servlet.http.HttpServletRequest,javax.servlet.http.HttpServletResponse)
2019-03-25 14:09:47.651  INFO 9184 --- [restartedMain] o.s.w.s.handler.SimpleUrlHandlerMapping  : Mapped URL path [/webjars/**] onto handler of type [class org.springframework.web.servlet.resource.ResourceHttpRequestHandler]
2019-03-25 14:09:47.651  INFO 9184 --- [restartedMain] o.s.w.s.handler.SimpleUrlHandlerMapping  : Mapped URL path [/**] onto handler of type [class org.springframework.web.servlet.resource.ResourceHttpRequestHandler]
2019-03-25 14:09:47.678  INFO 9184 --- [restartedMain] o.s.w.s.handler.SimpleUrlHandlerMapping  : Mapped URL path [/**/favicon.ico] onto handler of type [class org.springframework.web.servlet.resource.ResourceHttpRequestHandler]
2019-03-25 14:09:47.852  INFO 9184 --- [restartedMain] o.s.b.d.a.OptionalLiveReloadServer       : LiveReload server is running on port 35729
2019-03-25 14:09:47.897  INFO 9184 --- [restartedMain] o.s.j.e.a.AnnotationMBeanExporter        : Registering beans for JMX exposure on startup
2019-03-25 14:09:47.939  INFO 9184 --- [restartedMain] s.b.c.e.t.TomcatEmbeddedServletContainer : Tomcat started on port(s): 8399 (http)
2019-03-25 14:09:47.944  INFO 9184 --- [restartedMain] c.l.s.EmployeeApplication                : Started EmployeeApplication in 4.055 seconds (JVM running for 4.751)
2019-03-25 14:10:18.836  INFO 9184 --- [http-nio-8399-exec-1] o.a.c.c.C.[Tomcat].[localhost].[/]       : Initializing Spring FrameworkServlet 'dispatcherServlet'
2019-03-25 14:10:18.836  INFO 9184 --- [http-nio-8399-exec-1] o.s.web.servlet.DispatcherServlet        : FrameworkServlet 'dispatcherServlet': initialization started
2019-03-25 14:10:18.851  INFO 9184 --- [http-nio-8399-exec-1] o.s.web.servlet.DispatcherServlet        : FrameworkServlet 'dispatcherServlet': initialization completed in 14 ms
2019-03-25 14:13:25.784  INFO 12212 --- [restartedMain] c.l.s.EmployeeApplication                : Starting EmployeeApplication on MYT-NAYNYEINTUN with PID 12212 (started by naynyeintun in D:\Mytel NNT\Test\springbootrestapiexample)
2019-03-25 14:13:25.784  INFO 12212 --- [restartedMain] c.l.s.EmployeeApplication                : No active profile set, falling back to default profiles: default
2019-03-25 14:13:25.870  INFO 12212 --- [restartedMain] ationConfigEmbeddedWebApplicationContext : Refreshing org.springframework.boot.context.embedded.AnnotationConfigEmbeddedWebApplicationContext@fc0f06d: startup date [Mon Mar 25 14:13:25 MMT 2019]; root of context hierarchy
2019-03-25 14:13:27.287  INFO 12212 --- [restartedMain] s.b.c.e.t.TomcatEmbeddedServletContainer : Tomcat initialized with port(s): 8397 (http)
2019-03-25 14:13:27.294  INFO 12212 --- [restartedMain] o.apache.catalina.core.StandardService   : Starting service [Tomcat]
2019-03-25 14:13:27.295  INFO 12212 --- [restartedMain] org.apache.catalina.core.StandardEngine  : Starting Servlet Engine: Apache Tomcat/8.5.15
2019-03-25 14:13:27.371  INFO 12212 --- [localhost-startStop-1] o.a.c.c.C.[Tomcat].[localhost].[/]       : Initializing Spring embedded WebApplicationContext
2019-03-25 14:13:27.372  INFO 12212 --- [localhost-startStop-1] o.s.web.context.ContextLoader            : Root WebApplicationContext: initialization completed in 1504 ms
2019-03-25 14:13:27.474  INFO 12212 --- [localhost-startStop-1] o.s.b.w.servlet.ServletRegistrationBean  : Mapping servlet: 'dispatcherServlet' to [/]
2019-03-25 14:13:27.477  INFO 12212 --- [localhost-startStop-1] o.s.b.w.servlet.FilterRegistrationBean   : Mapping filter: 'characterEncodingFilter' to: [/*]
2019-03-25 14:13:27.478  INFO 12212 --- [localhost-startStop-1] o.s.b.w.servlet.FilterRegistrationBean   : Mapping filter: 'hiddenHttpMethodFilter' to: [/*]
2019-03-25 14:13:27.478  INFO 12212 --- [localhost-startStop-1] o.s.b.w.servlet.FilterRegistrationBean   : Mapping filter: 'httpPutFormContentFilter' to: [/*]
2019-03-25 14:13:27.478  INFO 12212 --- [localhost-startStop-1] o.s.b.w.servlet.FilterRegistrationBean   : Mapping filter: 'requestContextFilter' to: [/*]
2019-03-25 14:13:28.106  INFO 12212 --- [restartedMain] j.LocalContainerEntityManagerFactoryBean : Building JPA container EntityManagerFactory for persistence unit 'default'
2019-03-25 14:13:28.115  INFO 12212 --- [restartedMain] o.hibernate.jpa.internal.util.LogHelper  : HHH000204: Processing PersistenceUnitInfo [
	name: default
	...]
2019-03-25 14:13:28.159  INFO 12212 --- [restartedMain] org.hibernate.Version                    : HHH000412: Hibernate Core {5.0.12.Final}
2019-03-25 14:13:28.160  INFO 12212 --- [restartedMain] org.hibernate.cfg.Environment            : HHH000206: hibernate.properties not found
2019-03-25 14:13:28.161  INFO 12212 --- [restartedMain] org.hibernate.cfg.Environment            : HHH000021: Bytecode provider name : javassist
2019-03-25 14:13:28.189  INFO 12212 --- [restartedMain] o.hibernate.annotations.common.Version   : HCANN000001: Hibernate Commons Annotations {5.0.1.Final}
2019-03-25 14:13:28.256  INFO 12212 --- [restartedMain] org.hibernate.dialect.Dialect            : HHH000400: Using dialect: org.hibernate.dialect.MySQL5Dialect
2019-03-25 14:13:28.635  INFO 12212 --- [restartedMain] org.hibernate.tool.hbm2ddl.SchemaUpdate  : HHH000228: Running hbm2ddl schema update
2019-03-25 14:13:28.691  INFO 12212 --- [restartedMain] j.LocalContainerEntityManagerFactoryBean : Initialized JPA EntityManagerFactory for persistence unit 'default'
2019-03-25 14:13:29.036  INFO 12212 --- [restartedMain] s.w.s.m.m.a.RequestMappingHandlerAdapter : Looking for @ControllerAdvice: org.springframework.boot.context.embedded.AnnotationConfigEmbeddedWebApplicationContext@fc0f06d: startup date [Mon Mar 25 14:13:25 MMT 2019]; root of context hierarchy
2019-03-25 14:13:29.087  INFO 12212 --- [restartedMain] s.w.s.m.m.a.RequestMappingHandlerMapping : Mapped "{[/company/employees/{id}],methods=[DELETE]}" onto public org.springframework.http.ResponseEntity<Employee> EmployeeController.deleteEmployee(java.lang.Long)
2019-03-25 14:13:29.088  INFO 12212 --- [restartedMain] s.w.s.m.m.a.RequestMappingHandlerMapping : Mapped "{[/company/employees],methods=[POST]}" onto public Employee EmployeeController.createEmployee(Employee)
2019-03-25 14:13:29.088  INFO 12212 --- [restartedMain] s.w.s.m.m.a.RequestMappingHandlerMapping : Mapped "{[/company/employees],methods=[GET]}" onto public java.util.List<Employee> EmployeeController.getAllEmployees()
2019-03-25 14:13:29.088  INFO 12212 --- [restartedMain] s.w.s.m.m.a.RequestMappingHandlerMapping : Mapped "{[/company/employees/{id}],methods=[GET]}" onto public org.springframework.http.ResponseEntity<Employee> EmployeeController.getEmployeeById(java.lang.Long)
2019-03-25 14:13:29.089  INFO 12212 --- [restartedMain] s.w.s.m.m.a.RequestMappingHandlerMapping : Mapped "{[/company/employees/{id}],methods=[PUT]}" onto public org.springframework.http.ResponseEntity<Employee> EmployeeController.updateEmployee(java.lang.Long,Employee)
2019-03-25 14:13:29.091  INFO 12212 --- [restartedMain] s.w.s.m.m.a.RequestMappingHandlerMapping : Mapped "{[/error]}" onto public org.springframework.http.ResponseEntity<java.util.Map<java.lang.String, java.lang.Object>> org.springframework.boot.autoconfigure.web.BasicErrorController.error(javax.servlet.http.HttpServletRequest)
2019-03-25 14:13:29.091  INFO 12212 --- [restartedMain] s.w.s.m.m.a.RequestMappingHandlerMapping : Mapped "{[/error],produces=[text/html]}" onto public org.springframework.web.servlet.ModelAndView org.springframework.boot.autoconfigure.web.BasicErrorController.errorHtml(javax.servlet.http.HttpServletRequest,javax.servlet.http.HttpServletResponse)
2019-03-25 14:13:29.113  INFO 12212 --- [restartedMain] o.s.w.s.handler.SimpleUrlHandlerMapping  : Mapped URL path [/webjars/**] onto handler of type [class org.springframework.web.servlet.resource.ResourceHttpRequestHandler]
2019-03-25 14:13:29.113  INFO 12212 --- [restartedMain] o.s.w.s.handler.SimpleUrlHandlerMapping  : Mapped URL path [/**] onto handler of type [class org.springframework.web.servlet.resource.ResourceHttpRequestHandler]
2019-03-25 14:13:29.139  INFO 12212 --- [restartedMain] o.s.w.s.handler.SimpleUrlHandlerMapping  : Mapped URL path [/**/favicon.ico] onto handler of type [class org.springframework.web.servlet.resource.ResourceHttpRequestHandler]
2019-03-25 14:13:29.292  INFO 12212 --- [restartedMain] o.s.b.d.a.OptionalLiveReloadServer       : LiveReload server is running on port 35729
2019-03-25 14:13:29.333  INFO 12212 --- [restartedMain] o.s.j.e.a.AnnotationMBeanExporter        : Registering beans for JMX exposure on startup
2019-03-25 14:13:29.375  INFO 12212 --- [restartedMain] s.b.c.e.t.TomcatEmbeddedServletContainer : Tomcat started on port(s): 8397 (http)
2019-03-25 14:13:29.380  INFO 12212 --- [restartedMain] c.l.s.EmployeeApplication                : Started EmployeeApplication in 3.818 seconds (JVM running for 4.483)
2019-03-25 14:13:55.592  INFO 12212 --- [http-nio-8397-exec-1] o.a.c.c.C.[Tomcat].[localhost].[/]       : Initializing Spring FrameworkServlet 'dispatcherServlet'
2019-03-25 14:13:55.592  INFO 12212 --- [http-nio-8397-exec-1] o.s.web.servlet.DispatcherServlet        : FrameworkServlet 'dispatcherServlet': initialization started
2019-03-25 14:13:55.609  INFO 12212 --- [http-nio-8397-exec-1] o.s.web.servlet.DispatcherServlet        : FrameworkServlet 'dispatcherServlet': initialization completed in 17 ms
2019-03-25 14:17:23.095  INFO 7116 --- [restartedMain] c.l.s.EmployeeApplication                : Starting EmployeeApplication on MYT-NAYNYEINTUN with PID 7116 (started by naynyeintun in D:\Mytel NNT\Test\springbootrestapiexample)
2019-03-25 14:17:23.096  INFO 7116 --- [restartedMain] c.l.s.EmployeeApplication                : No active profile set, falling back to default profiles: default
2019-03-25 14:17:23.173  INFO 7116 --- [restartedMain] ationConfigEmbeddedWebApplicationContext : Refreshing org.springframework.boot.context.embedded.AnnotationConfigEmbeddedWebApplicationContext@2c521a13: startup date [Mon Mar 25 14:17:23 MMT 2019]; root of context hierarchy
2019-03-25 14:17:24.632  INFO 7116 --- [restartedMain] s.b.c.e.t.TomcatEmbeddedServletContainer : Tomcat initialized with port(s): 8397 (http)
2019-03-25 14:17:24.639  INFO 7116 --- [restartedMain] o.apache.catalina.core.StandardService   : Starting service [Tomcat]
2019-03-25 14:17:24.640  INFO 7116 --- [restartedMain] org.apache.catalina.core.StandardEngine  : Starting Servlet Engine: Apache Tomcat/8.5.15
2019-03-25 14:17:24.707  INFO 7116 --- [localhost-startStop-1] o.a.c.c.C.[Tomcat].[localhost].[/]       : Initializing Spring embedded WebApplicationContext
2019-03-25 14:17:24.707  INFO 7116 --- [localhost-startStop-1] o.s.web.context.ContextLoader            : Root WebApplicationContext: initialization completed in 1537 ms
2019-03-25 14:17:24.799  INFO 7116 --- [localhost-startStop-1] o.s.b.w.servlet.ServletRegistrationBean  : Mapping servlet: 'dispatcherServlet' to [/]
2019-03-25 14:17:24.802  INFO 7116 --- [localhost-startStop-1] o.s.b.w.servlet.FilterRegistrationBean   : Mapping filter: 'characterEncodingFilter' to: [/*]
2019-03-25 14:17:24.802  INFO 7116 --- [localhost-startStop-1] o.s.b.w.servlet.FilterRegistrationBean   : Mapping filter: 'hiddenHttpMethodFilter' to: [/*]
2019-03-25 14:17:24.802  INFO 7116 --- [localhost-startStop-1] o.s.b.w.servlet.FilterRegistrationBean   : Mapping filter: 'httpPutFormContentFilter' to: [/*]
2019-03-25 14:17:24.802  INFO 7116 --- [localhost-startStop-1] o.s.b.w.servlet.FilterRegistrationBean   : Mapping filter: 'requestContextFilter' to: [/*]
2019-03-25 14:17:25.426  INFO 7116 --- [restartedMain] j.LocalContainerEntityManagerFactoryBean : Building JPA container EntityManagerFactory for persistence unit 'default'
2019-03-25 14:17:25.436  INFO 7116 --- [restartedMain] o.hibernate.jpa.internal.util.LogHelper  : HHH000204: Processing PersistenceUnitInfo [
	name: default
	...]
2019-03-25 14:17:25.480  INFO 7116 --- [restartedMain] org.hibernate.Version                    : HHH000412: Hibernate Core {5.0.12.Final}
2019-03-25 14:17:25.481  INFO 7116 --- [restartedMain] org.hibernate.cfg.Environment            : HHH000206: hibernate.properties not found
2019-03-25 14:17:25.482  INFO 7116 --- [restartedMain] org.hibernate.cfg.Environment            : HHH000021: Bytecode provider name : javassist
2019-03-25 14:17:25.512  INFO 7116 --- [restartedMain] o.hibernate.annotations.common.Version   : HCANN000001: Hibernate Commons Annotations {5.0.1.Final}
2019-03-25 14:17:25.584  INFO 7116 --- [restartedMain] org.hibernate.dialect.Dialect            : HHH000400: Using dialect: org.hibernate.dialect.MySQL5Dialect
2019-03-25 14:17:25.945  INFO 7116 --- [restartedMain] org.hibernate.tool.hbm2ddl.SchemaUpdate  : HHH000228: Running hbm2ddl schema update
2019-03-25 14:17:26.002  INFO 7116 --- [restartedMain] j.LocalContainerEntityManagerFactoryBean : Initialized JPA EntityManagerFactory for persistence unit 'default'
2019-03-25 14:17:26.342  INFO 7116 --- [restartedMain] s.w.s.m.m.a.RequestMappingHandlerAdapter : Looking for @ControllerAdvice: org.springframework.boot.context.embedded.AnnotationConfigEmbeddedWebApplicationContext@2c521a13: startup date [Mon Mar 25 14:17:23 MMT 2019]; root of context hierarchy
2019-03-25 14:17:26.391  INFO 7116 --- [restartedMain] s.w.s.m.m.a.RequestMappingHandlerMapping : Mapped "{[/company/employees],methods=[POST]}" onto public Employee EmployeeController.createEmployee(Employee)
2019-03-25 14:17:26.392  INFO 7116 --- [restartedMain] s.w.s.m.m.a.RequestMappingHandlerMapping : Mapped "{[/company/employees/{id}],methods=[DELETE]}" onto public org.springframework.http.ResponseEntity<Employee> EmployeeController.deleteEmployee(java.lang.Long)
2019-03-25 14:17:26.393  INFO 7116 --- [restartedMain] s.w.s.m.m.a.RequestMappingHandlerMapping : Mapped "{[/company/employees/{id}],methods=[GET]}" onto public org.springframework.http.ResponseEntity<Employee> EmployeeController.getEmployeeById(java.lang.Long)
2019-03-25 14:17:26.393  INFO 7116 --- [restartedMain] s.w.s.m.m.a.RequestMappingHandlerMapping : Mapped "{[/company/employees],methods=[GET]}" onto public java.util.List<Employee> EmployeeController.getAllEmployees()
2019-03-25 14:17:26.393  INFO 7116 --- [restartedMain] s.w.s.m.m.a.RequestMappingHandlerMapping : Mapped "{[/company/employees/{id}],methods=[PUT]}" onto public org.springframework.http.ResponseEntity<Employee> EmployeeController.updateEmployee(java.lang.Long,Employee)
2019-03-25 14:17:26.394  INFO 7116 --- [restartedMain] s.w.s.m.m.a.RequestMappingHandlerMapping : Mapped "{[/error]}" onto public org.springframework.http.ResponseEntity<java.util.Map<java.lang.String, java.lang.Object>> org.springframework.boot.autoconfigure.web.BasicErrorController.error(javax.servlet.http.HttpServletRequest)
2019-03-25 14:17:26.395  INFO 7116 --- [restartedMain] s.w.s.m.m.a.RequestMappingHandlerMapping : Mapped "{[/error],produces=[text/html]}" onto public org.springframework.web.servlet.ModelAndView org.springframework.boot.autoconfigure.web.BasicErrorController.errorHtml(javax.servlet.http.HttpServletRequest,javax.servlet.http.HttpServletResponse)
2019-03-25 14:17:26.417  INFO 7116 --- [restartedMain] o.s.w.s.handler.SimpleUrlHandlerMapping  : Mapped URL path [/webjars/**] onto handler of type [class org.springframework.web.servlet.resource.ResourceHttpRequestHandler]
2019-03-25 14:17:26.417  INFO 7116 --- [restartedMain] o.s.w.s.handler.SimpleUrlHandlerMapping  : Mapped URL path [/**] onto handler of type [class org.springframework.web.servlet.resource.ResourceHttpRequestHandler]
2019-03-25 14:17:26.442  INFO 7116 --- [restartedMain] o.s.w.s.handler.SimpleUrlHandlerMapping  : Mapped URL path [/**/favicon.ico] onto handler of type [class org.springframework.web.servlet.resource.ResourceHttpRequestHandler]
2019-03-25 14:17:26.616  INFO 7116 --- [restartedMain] o.s.b.d.a.OptionalLiveReloadServer       : LiveReload server is running on port 35729
2019-03-25 14:17:26.664  INFO 7116 --- [restartedMain] o.s.j.e.a.AnnotationMBeanExporter        : Registering beans for JMX exposure on startup
2019-03-25 14:17:26.708  INFO 7116 --- [restartedMain] s.b.c.e.t.TomcatEmbeddedServletContainer : Tomcat started on port(s): 8397 (http)
2019-03-25 14:17:26.713  INFO 7116 --- [restartedMain] c.l.s.EmployeeApplication                : Started EmployeeApplication in 3.854 seconds (JVM running for 4.541)
2019-03-25 14:23:12.086  INFO 1840 --- [restartedMain] c.l.s.EmployeeApplication                : Starting EmployeeApplication on MYT-NAYNYEINTUN with PID 1840 (started by naynyeintun in D:\Mytel NNT\Test\springbootrestapiexample)
2019-03-25 14:23:12.087  INFO 1840 --- [restartedMain] c.l.s.EmployeeApplication                : No active profile set, falling back to default profiles: default
2019-03-25 14:23:12.139  INFO 1840 --- [restartedMain] ationConfigEmbeddedWebApplicationContext : Refreshing org.springframework.boot.context.embedded.AnnotationConfigEmbeddedWebApplicationContext@64d2a088: startup date [Mon Mar 25 14:23:12 MMT 2019]; root of context hierarchy
2019-03-25 14:23:13.635  INFO 1840 --- [restartedMain] s.b.c.e.t.TomcatEmbeddedServletContainer : Tomcat initialized with port(s): 8397 (http)
2019-03-25 14:23:13.641  INFO 1840 --- [restartedMain] o.apache.catalina.core.StandardService   : Starting service [Tomcat]
2019-03-25 14:23:13.642  INFO 1840 --- [restartedMain] org.apache.catalina.core.StandardEngine  : Starting Servlet Engine: Apache Tomcat/8.5.15
2019-03-25 14:23:13.709  INFO 1840 --- [localhost-startStop-1] o.a.c.c.C.[Tomcat].[localhost].[/]       : Initializing Spring embedded WebApplicationContext
2019-03-25 14:23:13.710  INFO 1840 --- [localhost-startStop-1] o.s.web.context.ContextLoader            : Root WebApplicationContext: initialization completed in 1573 ms
2019-03-25 14:23:13.802  INFO 1840 --- [localhost-startStop-1] o.s.b.w.servlet.ServletRegistrationBean  : Mapping servlet: 'dispatcherServlet' to [/]
2019-03-25 14:23:13.804  INFO 1840 --- [localhost-startStop-1] o.s.b.w.servlet.FilterRegistrationBean   : Mapping filter: 'characterEncodingFilter' to: [/*]
2019-03-25 14:23:13.805  INFO 1840 --- [localhost-startStop-1] o.s.b.w.servlet.FilterRegistrationBean   : Mapping filter: 'hiddenHttpMethodFilter' to: [/*]
2019-03-25 14:23:13.805  INFO 1840 --- [localhost-startStop-1] o.s.b.w.servlet.FilterRegistrationBean   : Mapping filter: 'httpPutFormContentFilter' to: [/*]
2019-03-25 14:23:13.805  INFO 1840 --- [localhost-startStop-1] o.s.b.w.servlet.FilterRegistrationBean   : Mapping filter: 'requestContextFilter' to: [/*]
2019-03-25 14:23:14.417  INFO 1840 --- [restartedMain] j.LocalContainerEntityManagerFactoryBean : Building JPA container EntityManagerFactory for persistence unit 'default'
2019-03-25 14:23:14.427  INFO 1840 --- [restartedMain] o.hibernate.jpa.internal.util.LogHelper  : HHH000204: Processing PersistenceUnitInfo [
	name: default
	...]
2019-03-25 14:23:14.470  INFO 1840 --- [restartedMain] org.hibernate.Version                    : HHH000412: Hibernate Core {5.0.12.Final}
2019-03-25 14:23:14.472  INFO 1840 --- [restartedMain] org.hibernate.cfg.Environment            : HHH000206: hibernate.properties not found
2019-03-25 14:23:14.472  INFO 1840 --- [restartedMain] org.hibernate.cfg.Environment            : HHH000021: Bytecode provider name : javassist
2019-03-25 14:23:14.501  INFO 1840 --- [restartedMain] o.hibernate.annotations.common.Version   : HCANN000001: Hibernate Commons Annotations {5.0.1.Final}
2019-03-25 14:23:14.567  INFO 1840 --- [restartedMain] org.hibernate.dialect.Dialect            : HHH000400: Using dialect: org.hibernate.dialect.MySQL5Dialect
2019-03-25 14:23:14.943  INFO 1840 --- [restartedMain] org.hibernate.tool.hbm2ddl.SchemaUpdate  : HHH000228: Running hbm2ddl schema update
2019-03-25 14:23:14.996  INFO 1840 --- [restartedMain] j.LocalContainerEntityManagerFactoryBean : Initialized JPA EntityManagerFactory for persistence unit 'default'
2019-03-25 14:23:15.329  INFO 1840 --- [restartedMain] s.w.s.m.m.a.RequestMappingHandlerAdapter : Looking for @ControllerAdvice: org.springframework.boot.context.embedded.AnnotationConfigEmbeddedWebApplicationContext@64d2a088: startup date [Mon Mar 25 14:23:12 MMT 2019]; root of context hierarchy
2019-03-25 14:23:15.384  INFO 1840 --- [restartedMain] s.w.s.m.m.a.RequestMappingHandlerMapping : Mapped "{[/company/employees/{id}],methods=[DELETE]}" onto public org.springframework.http.ResponseEntity<Employee> EmployeeController.deleteEmployee(java.lang.Long)
2019-03-25 14:23:15.384  INFO 1840 --- [restartedMain] s.w.s.m.m.a.RequestMappingHandlerMapping : Mapped "{[/company/employees/{id}],methods=[PUT]}" onto public org.springframework.http.ResponseEntity<Employee> EmployeeController.updateEmployee(java.lang.Long,Employee)
2019-03-25 14:23:15.385  INFO 1840 --- [restartedMain] s.w.s.m.m.a.RequestMappingHandlerMapping : Mapped "{[/company/employees/{id}],methods=[GET]}" onto public org.springframework.http.ResponseEntity<Employee> EmployeeController.getEmployeeById(java.lang.Long)
2019-03-25 14:23:15.385  INFO 1840 --- [restartedMain] s.w.s.m.m.a.RequestMappingHandlerMapping : Mapped "{[/company/employees],methods=[POST]}" onto public Employee EmployeeController.createEmployee(Employee)
2019-03-25 14:23:15.385  INFO 1840 --- [restartedMain] s.w.s.m.m.a.RequestMappingHandlerMapping : Mapped "{[/company/employees],methods=[GET]}" onto public java.util.List<Employee> EmployeeController.getAllEmployees()
2019-03-25 14:23:15.387  INFO 1840 --- [restartedMain] s.w.s.m.m.a.RequestMappingHandlerMapping : Mapped "{[/error]}" onto public org.springframework.http.ResponseEntity<java.util.Map<java.lang.String, java.lang.Object>> org.springframework.boot.autoconfigure.web.BasicErrorController.error(javax.servlet.http.HttpServletRequest)
2019-03-25 14:23:15.387  INFO 1840 --- [restartedMain] s.w.s.m.m.a.RequestMappingHandlerMapping : Mapped "{[/error],produces=[text/html]}" onto public org.springframework.web.servlet.ModelAndView org.springframework.boot.autoconfigure.web.BasicErrorController.errorHtml(javax.servlet.http.HttpServletRequest,javax.servlet.http.HttpServletResponse)
2019-03-25 14:23:15.408  INFO 1840 --- [restartedMain] o.s.w.s.handler.SimpleUrlHandlerMapping  : Mapped URL path [/webjars/**] onto handler of type [class org.springframework.web.servlet.resource.ResourceHttpRequestHandler]
2019-03-25 14:23:15.409  INFO 1840 --- [restartedMain] o.s.w.s.handler.SimpleUrlHandlerMapping  : Mapped URL path [/**] onto handler of type [class org.springframework.web.servlet.resource.ResourceHttpRequestHandler]
2019-03-25 14:23:15.435  INFO 1840 --- [restartedMain] o.s.w.s.handler.SimpleUrlHandlerMapping  : Mapped URL path [/**/favicon.ico] onto handler of type [class org.springframework.web.servlet.resource.ResourceHttpRequestHandler]
2019-03-25 14:23:15.600  INFO 1840 --- [restartedMain] o.s.b.d.a.OptionalLiveReloadServer       : LiveReload server is running on port 35729
2019-03-25 14:23:15.644  INFO 1840 --- [restartedMain] o.s.j.e.a.AnnotationMBeanExporter        : Registering beans for JMX exposure on startup
2019-03-25 14:23:15.687  INFO 1840 --- [restartedMain] s.b.c.e.t.TomcatEmbeddedServletContainer : Tomcat started on port(s): 8397 (http)
2019-03-25 14:23:15.691  INFO 1840 --- [restartedMain] c.l.s.EmployeeApplication                : Started EmployeeApplication in 3.807 seconds (JVM running for 4.474)
2019-03-25 14:23:29.430  INFO 1840 --- [http-nio-8397-exec-1] o.a.c.c.C.[Tomcat].[localhost].[/]       : Initializing Spring FrameworkServlet 'dispatcherServlet'
2019-03-25 14:23:29.430  INFO 1840 --- [http-nio-8397-exec-1] o.s.web.servlet.DispatcherServlet        : FrameworkServlet 'dispatcherServlet': initialization started
2019-03-25 14:23:29.444  INFO 1840 --- [http-nio-8397-exec-1] o.s.web.servlet.DispatcherServlet        : FrameworkServlet 'dispatcherServlet': initialization completed in 13 ms
2019-03-25 14:24:59.959  INFO 13108 --- [restartedMain] c.l.s.EmployeeApplication                : Starting EmployeeApplication on MYT-NAYNYEINTUN with PID 13108 (started by naynyeintun in D:\Mytel NNT\Test\springbootrestapiexample)
2019-03-25 14:24:59.960  INFO 13108 --- [restartedMain] c.l.s.EmployeeApplication                : No active profile set, falling back to default profiles: default
2019-03-25 14:25:00.034  INFO 13108 --- [restartedMain] ationConfigEmbeddedWebApplicationContext : Refreshing org.springframework.boot.context.embedded.AnnotationConfigEmbeddedWebApplicationContext@2c521a13: startup date [Mon Mar 25 14:25:00 MMT 2019]; root of context hierarchy
2019-03-25 14:25:01.334  INFO 13108 --- [restartedMain] s.b.c.e.t.TomcatEmbeddedServletContainer : Tomcat initialized with port(s): 8397 (http)
2019-03-25 14:25:01.342  INFO 13108 --- [restartedMain] o.apache.catalina.core.StandardService   : Starting service [Tomcat]
2019-03-25 14:25:01.343  INFO 13108 --- [restartedMain] org.apache.catalina.core.StandardEngine  : Starting Servlet Engine: Apache Tomcat/8.5.15
2019-03-25 14:25:01.412  INFO 13108 --- [localhost-startStop-1] o.a.c.c.C.[Tomcat].[localhost].[/]       : Initializing Spring embedded WebApplicationContext
2019-03-25 14:25:01.412  INFO 13108 --- [localhost-startStop-1] o.s.web.context.ContextLoader            : Root WebApplicationContext: initialization completed in 1381 ms
2019-03-25 14:25:01.502  INFO 13108 --- [localhost-startStop-1] o.s.b.w.servlet.ServletRegistrationBean  : Mapping servlet: 'dispatcherServlet' to [/]
2019-03-25 14:25:01.505  INFO 13108 --- [localhost-startStop-1] o.s.b.w.servlet.FilterRegistrationBean   : Mapping filter: 'characterEncodingFilter' to: [/*]
2019-03-25 14:25:01.505  INFO 13108 --- [localhost-startStop-1] o.s.b.w.servlet.FilterRegistrationBean   : Mapping filter: 'hiddenHttpMethodFilter' to: [/*]
2019-03-25 14:25:01.505  INFO 13108 --- [localhost-startStop-1] o.s.b.w.servlet.FilterRegistrationBean   : Mapping filter: 'httpPutFormContentFilter' to: [/*]
2019-03-25 14:25:01.505  INFO 13108 --- [localhost-startStop-1] o.s.b.w.servlet.FilterRegistrationBean   : Mapping filter: 'requestContextFilter' to: [/*]
2019-03-25 14:25:02.121  INFO 13108 --- [restartedMain] j.LocalContainerEntityManagerFactoryBean : Building JPA container EntityManagerFactory for persistence unit 'default'
2019-03-25 14:25:02.129  INFO 13108 --- [restartedMain] o.hibernate.jpa.internal.util.LogHelper  : HHH000204: Processing PersistenceUnitInfo [
	name: default
	...]
2019-03-25 14:25:02.173  INFO 13108 --- [restartedMain] org.hibernate.Version                    : HHH000412: Hibernate Core {5.0.12.Final}
2019-03-25 14:25:02.174  INFO 13108 --- [restartedMain] org.hibernate.cfg.Environment            : HHH000206: hibernate.properties not found
2019-03-25 14:25:02.175  INFO 13108 --- [restartedMain] org.hibernate.cfg.Environment            : HHH000021: Bytecode provider name : javassist
2019-03-25 14:25:02.203  INFO 13108 --- [restartedMain] o.hibernate.annotations.common.Version   : HCANN000001: Hibernate Commons Annotations {5.0.1.Final}
2019-03-25 14:25:02.270  INFO 13108 --- [restartedMain] org.hibernate.dialect.Dialect            : HHH000400: Using dialect: org.hibernate.dialect.MySQL5Dialect
2019-03-25 14:25:02.631  INFO 13108 --- [restartedMain] org.hibernate.tool.hbm2ddl.SchemaUpdate  : HHH000228: Running hbm2ddl schema update
2019-03-25 14:25:02.694  INFO 13108 --- [restartedMain] j.LocalContainerEntityManagerFactoryBean : Initialized JPA EntityManagerFactory for persistence unit 'default'
2019-03-25 14:25:03.033  INFO 13108 --- [restartedMain] s.w.s.m.m.a.RequestMappingHandlerAdapter : Looking for @ControllerAdvice: org.springframework.boot.context.embedded.AnnotationConfigEmbeddedWebApplicationContext@2c521a13: startup date [Mon Mar 25 14:25:00 MMT 2019]; root of context hierarchy
2019-03-25 14:25:03.084  INFO 13108 --- [restartedMain] s.w.s.m.m.a.RequestMappingHandlerMapping : Mapped "{[/company/employees/{id}],methods=[GET]}" onto public org.springframework.http.ResponseEntity<Employee> EmployeeController.getEmployeeById(java.lang.Long)
2019-03-25 14:25:03.085  INFO 13108 --- [restartedMain] s.w.s.m.m.a.RequestMappingHandlerMapping : Mapped "{[/company/employees],methods=[POST]}" onto public Employee EmployeeController.createEmployee(Employee)
2019-03-25 14:25:03.085  INFO 13108 --- [restartedMain] s.w.s.m.m.a.RequestMappingHandlerMapping : Mapped "{[/company/employees/{id}],methods=[DELETE]}" onto public org.springframework.http.ResponseEntity<Employee> EmployeeController.deleteEmployee(java.lang.Long)
2019-03-25 14:25:03.086  INFO 13108 --- [restartedMain] s.w.s.m.m.a.RequestMappingHandlerMapping : Mapped "{[/company/employees/{id}],methods=[PUT]}" onto public org.springframework.http.ResponseEntity<Employee> EmployeeController.updateEmployee(java.lang.Long,Employee)
2019-03-25 14:25:03.086  INFO 13108 --- [restartedMain] s.w.s.m.m.a.RequestMappingHandlerMapping : Mapped "{[/company/employees],methods=[GET]}" onto public java.util.List<Employee> EmployeeController.getAllEmployees()
2019-03-25 14:25:03.087  INFO 13108 --- [restartedMain] s.w.s.m.m.a.RequestMappingHandlerMapping : Mapped "{[/error]}" onto public org.springframework.http.ResponseEntity<java.util.Map<java.lang.String, java.lang.Object>> org.springframework.boot.autoconfigure.web.BasicErrorController.error(javax.servlet.http.HttpServletRequest)
2019-03-25 14:25:03.088  INFO 13108 --- [restartedMain] s.w.s.m.m.a.RequestMappingHandlerMapping : Mapped "{[/error],produces=[text/html]}" onto public org.springframework.web.servlet.ModelAndView org.springframework.boot.autoconfigure.web.BasicErrorController.errorHtml(javax.servlet.http.HttpServletRequest,javax.servlet.http.HttpServletResponse)
2019-03-25 14:25:03.110  INFO 13108 --- [restartedMain] o.s.w.s.handler.SimpleUrlHandlerMapping  : Mapped URL path [/webjars/**] onto handler of type [class org.springframework.web.servlet.resource.ResourceHttpRequestHandler]
2019-03-25 14:25:03.110  INFO 13108 --- [restartedMain] o.s.w.s.handler.SimpleUrlHandlerMapping  : Mapped URL path [/**] onto handler of type [class org.springframework.web.servlet.resource.ResourceHttpRequestHandler]
2019-03-25 14:25:03.135  INFO 13108 --- [restartedMain] o.s.w.s.handler.SimpleUrlHandlerMapping  : Mapped URL path [/**/favicon.ico] onto handler of type [class org.springframework.web.servlet.resource.ResourceHttpRequestHandler]
2019-03-25 14:25:03.296  INFO 13108 --- [restartedMain] o.s.b.d.a.OptionalLiveReloadServer       : LiveReload server is running on port 35729
2019-03-25 14:25:03.341  INFO 13108 --- [restartedMain] o.s.j.e.a.AnnotationMBeanExporter        : Registering beans for JMX exposure on startup
2019-03-25 14:25:03.383  INFO 13108 --- [restartedMain] s.b.c.e.t.TomcatEmbeddedServletContainer : Tomcat started on port(s): 8397 (http)
2019-03-25 14:25:03.386  INFO 13108 --- [restartedMain] c.l.s.EmployeeApplication                : Started EmployeeApplication in 3.679 seconds (JVM running for 4.349)
2019-03-25 14:25:30.994  INFO 13108 --- [http-nio-8397-exec-2] o.a.c.c.C.[Tomcat].[localhost].[/]       : Initializing Spring FrameworkServlet 'dispatcherServlet'
2019-03-25 14:25:30.994  INFO 13108 --- [http-nio-8397-exec-2] o.s.web.servlet.DispatcherServlet        : FrameworkServlet 'dispatcherServlet': initialization started
2019-03-25 14:25:31.009  INFO 13108 --- [http-nio-8397-exec-2] o.s.web.servlet.DispatcherServlet        : FrameworkServlet 'dispatcherServlet': initialization completed in 15 ms
2019-03-25 14:25:45.254  INFO 13108 --- [http-nio-8397-exec-4] o.h.h.i.QueryTranslatorFactoryInitiator  : HHH000397: Using ASTQueryTranslatorFactory
2019-03-25 14:26:40.267  INFO 5760 --- [restartedMain] c.l.s.EmployeeApplication                : Starting EmployeeApplication on MYT-NAYNYEINTUN with PID 5760 (started by naynyeintun in D:\Mytel NNT\Test\springbootrestapiexample)
2019-03-25 14:26:40.268  INFO 5760 --- [restartedMain] c.l.s.EmployeeApplication                : No active profile set, falling back to default profiles: default
2019-03-25 14:26:40.317  INFO 5760 --- [restartedMain] ationConfigEmbeddedWebApplicationContext : Refreshing org.springframework.boot.context.embedded.AnnotationConfigEmbeddedWebApplicationContext@fc0f06d: startup date [Mon Mar 25 14:26:40 MMT 2019]; root of context hierarchy
2019-03-25 14:26:41.848  INFO 5760 --- [restartedMain] s.b.c.e.t.TomcatEmbeddedServletContainer : Tomcat initialized with port(s): 8397 (http)
2019-03-25 14:26:41.855  INFO 5760 --- [restartedMain] o.apache.catalina.core.StandardService   : Starting service [Tomcat]
2019-03-25 14:26:41.856  INFO 5760 --- [restartedMain] org.apache.catalina.core.StandardEngine  : Starting Servlet Engine: Apache Tomcat/8.5.15
2019-03-25 14:26:41.924  INFO 5760 --- [localhost-startStop-1] o.a.c.c.C.[Tomcat].[localhost].[/]       : Initializing Spring embedded WebApplicationContext
2019-03-25 14:26:41.924  INFO 5760 --- [localhost-startStop-1] o.s.web.context.ContextLoader            : Root WebApplicationContext: initialization completed in 1609 ms
2019-03-25 14:26:42.017  INFO 5760 --- [localhost-startStop-1] o.s.b.w.servlet.ServletRegistrationBean  : Mapping servlet: 'dispatcherServlet' to [/]
2019-03-25 14:26:42.020  INFO 5760 --- [localhost-startStop-1] o.s.b.w.servlet.FilterRegistrationBean   : Mapping filter: 'characterEncodingFilter' to: [/*]
2019-03-25 14:26:42.020  INFO 5760 --- [localhost-startStop-1] o.s.b.w.servlet.FilterRegistrationBean   : Mapping filter: 'hiddenHttpMethodFilter' to: [/*]
2019-03-25 14:26:42.020  INFO 5760 --- [localhost-startStop-1] o.s.b.w.servlet.FilterRegistrationBean   : Mapping filter: 'httpPutFormContentFilter' to: [/*]
2019-03-25 14:26:42.020  INFO 5760 --- [localhost-startStop-1] o.s.b.w.servlet.FilterRegistrationBean   : Mapping filter: 'requestContextFilter' to: [/*]
2019-03-25 14:26:42.635  INFO 5760 --- [restartedMain] j.LocalContainerEntityManagerFactoryBean : Building JPA container EntityManagerFactory for persistence unit 'default'
2019-03-25 14:26:42.644  INFO 5760 --- [restartedMain] o.hibernate.jpa.internal.util.LogHelper  : HHH000204: Processing PersistenceUnitInfo [
	name: default
	...]
2019-03-25 14:26:42.688  INFO 5760 --- [restartedMain] org.hibernate.Version                    : HHH000412: Hibernate Core {5.0.12.Final}
2019-03-25 14:26:42.689  INFO 5760 --- [restartedMain] org.hibernate.cfg.Environment            : HHH000206: hibernate.properties not found
2019-03-25 14:26:42.690  INFO 5760 --- [restartedMain] org.hibernate.cfg.Environment            : HHH000021: Bytecode provider name : javassist
2019-03-25 14:26:42.718  INFO 5760 --- [restartedMain] o.hibernate.annotations.common.Version   : HCANN000001: Hibernate Commons Annotations {5.0.1.Final}
2019-03-25 14:26:42.784  INFO 5760 --- [restartedMain] org.hibernate.dialect.Dialect            : HHH000400: Using dialect: org.hibernate.dialect.MySQL5Dialect
2019-03-25 14:26:43.149  INFO 5760 --- [restartedMain] org.hibernate.tool.hbm2ddl.SchemaUpdate  : HHH000228: Running hbm2ddl schema update
2019-03-25 14:26:43.201  INFO 5760 --- [restartedMain] j.LocalContainerEntityManagerFactoryBean : Initialized JPA EntityManagerFactory for persistence unit 'default'
2019-03-25 14:26:43.538  INFO 5760 --- [restartedMain] s.w.s.m.m.a.RequestMappingHandlerAdapter : Looking for @ControllerAdvice: org.springframework.boot.context.embedded.AnnotationConfigEmbeddedWebApplicationContext@fc0f06d: startup date [Mon Mar 25 14:26:40 MMT 2019]; root of context hierarchy
2019-03-25 14:26:43.589  INFO 5760 --- [restartedMain] s.w.s.m.m.a.RequestMappingHandlerMapping : Mapped "{[/company/employees/{id}],methods=[DELETE]}" onto public org.springframework.http.ResponseEntity<Employee> EmployeeController.deleteEmployee(java.lang.Long)
2019-03-25 14:26:43.589  INFO 5760 --- [restartedMain] s.w.s.m.m.a.RequestMappingHandlerMapping : Mapped "{[/company/employees/{id}],methods=[PUT]}" onto public org.springframework.http.ResponseEntity<Employee> EmployeeController.updateEmployee(java.lang.Long,Employee)
2019-03-25 14:26:43.590  INFO 5760 --- [restartedMain] s.w.s.m.m.a.RequestMappingHandlerMapping : Mapped "{[/company/employees],methods=[POST]}" onto public Employee EmployeeController.createEmployee(Employee)
2019-03-25 14:26:43.590  INFO 5760 --- [restartedMain] s.w.s.m.m.a.RequestMappingHandlerMapping : Mapped "{[/company/employees],methods=[GET]}" onto public java.util.List<Employee> EmployeeController.getAllEmployees()
2019-03-25 14:26:43.590  INFO 5760 --- [restartedMain] s.w.s.m.m.a.RequestMappingHandlerMapping : Mapped "{[/company/employees/{id}],methods=[GET]}" onto public org.springframework.http.ResponseEntity<Employee> EmployeeController.getEmployeeById(java.lang.Long)
2019-03-25 14:26:43.592  INFO 5760 --- [restartedMain] s.w.s.m.m.a.RequestMappingHandlerMapping : Mapped "{[/error]}" onto public org.springframework.http.ResponseEntity<java.util.Map<java.lang.String, java.lang.Object>> org.springframework.boot.autoconfigure.web.BasicErrorController.error(javax.servlet.http.HttpServletRequest)
2019-03-25 14:26:43.592  INFO 5760 --- [restartedMain] s.w.s.m.m.a.RequestMappingHandlerMapping : Mapped "{[/error],produces=[text/html]}" onto public org.springframework.web.servlet.ModelAndView org.springframework.boot.autoconfigure.web.BasicErrorController.errorHtml(javax.servlet.http.HttpServletRequest,javax.servlet.http.HttpServletResponse)
2019-03-25 14:26:43.614  INFO 5760 --- [restartedMain] o.s.w.s.handler.SimpleUrlHandlerMapping  : Mapped URL path [/webjars/**] onto handler of type [class org.springframework.web.servlet.resource.ResourceHttpRequestHandler]
2019-03-25 14:26:43.614  INFO 5760 --- [restartedMain] o.s.w.s.handler.SimpleUrlHandlerMapping  : Mapped URL path [/**] onto handler of type [class org.springframework.web.servlet.resource.ResourceHttpRequestHandler]
2019-03-25 14:26:43.640  INFO 5760 --- [restartedMain] o.s.w.s.handler.SimpleUrlHandlerMapping  : Mapped URL path [/**/favicon.ico] onto handler of type [class org.springframework.web.servlet.resource.ResourceHttpRequestHandler]
2019-03-25 14:26:43.805  INFO 5760 --- [restartedMain] o.s.b.d.a.OptionalLiveReloadServer       : LiveReload server is running on port 35729
2019-03-25 14:26:43.851  INFO 5760 --- [restartedMain] o.s.j.e.a.AnnotationMBeanExporter        : Registering beans for JMX exposure on startup
2019-03-25 14:26:43.892  INFO 5760 --- [restartedMain] s.b.c.e.t.TomcatEmbeddedServletContainer : Tomcat started on port(s): 8397 (http)
2019-03-25 14:26:43.896  INFO 5760 --- [restartedMain] c.l.s.EmployeeApplication                : Started EmployeeApplication in 3.844 seconds (JVM running for 4.49)
2019-03-25 14:27:17.469  INFO 12724 --- [restartedMain] c.l.s.EmployeeApplication                : Starting EmployeeApplication on MYT-NAYNYEINTUN with PID 12724 (started by naynyeintun in D:\Mytel NNT\Test\springbootrestapiexample)
2019-03-25 14:27:17.470  INFO 12724 --- [restartedMain] c.l.s.EmployeeApplication                : No active profile set, falling back to default profiles: default
2019-03-25 14:27:17.538  INFO 12724 --- [restartedMain] ationConfigEmbeddedWebApplicationContext : Refreshing org.springframework.boot.context.embedded.AnnotationConfigEmbeddedWebApplicationContext@16805eca: startup date [Mon Mar 25 14:27:17 MMT 2019]; root of context hierarchy
2019-03-25 14:27:18.892  INFO 12724 --- [restartedMain] s.b.c.e.t.TomcatEmbeddedServletContainer : Tomcat initialized with port(s): 8397 (http)
2019-03-25 14:27:18.899  INFO 12724 --- [restartedMain] o.apache.catalina.core.StandardService   : Starting service [Tomcat]
2019-03-25 14:27:18.899  INFO 12724 --- [restartedMain] org.apache.catalina.core.StandardEngine  : Starting Servlet Engine: Apache Tomcat/8.5.15
2019-03-25 14:27:18.967  INFO 12724 --- [localhost-startStop-1] o.a.c.c.C.[Tomcat].[localhost].[/]       : Initializing Spring embedded WebApplicationContext
2019-03-25 14:27:18.967  INFO 12724 --- [localhost-startStop-1] o.s.web.context.ContextLoader            : Root WebApplicationContext: initialization completed in 1432 ms
2019-03-25 14:27:19.061  INFO 12724 --- [localhost-startStop-1] o.s.b.w.servlet.ServletRegistrationBean  : Mapping servlet: 'dispatcherServlet' to [/]
2019-03-25 14:27:19.064  INFO 12724 --- [localhost-startStop-1] o.s.b.w.servlet.FilterRegistrationBean   : Mapping filter: 'characterEncodingFilter' to: [/*]
2019-03-25 14:27:19.064  INFO 12724 --- [localhost-startStop-1] o.s.b.w.servlet.FilterRegistrationBean   : Mapping filter: 'hiddenHttpMethodFilter' to: [/*]
2019-03-25 14:27:19.064  INFO 12724 --- [localhost-startStop-1] o.s.b.w.servlet.FilterRegistrationBean   : Mapping filter: 'httpPutFormContentFilter' to: [/*]
2019-03-25 14:27:19.064  INFO 12724 --- [localhost-startStop-1] o.s.b.w.servlet.FilterRegistrationBean   : Mapping filter: 'requestContextFilter' to: [/*]
2019-03-25 14:27:19.692  INFO 12724 --- [restartedMain] j.LocalContainerEntityManagerFactoryBean : Building JPA container EntityManagerFactory for persistence unit 'default'
2019-03-25 14:27:19.701  INFO 12724 --- [restartedMain] o.hibernate.jpa.internal.util.LogHelper  : HHH000204: Processing PersistenceUnitInfo [
	name: default
	...]
2019-03-25 14:27:19.745  INFO 12724 --- [restartedMain] org.hibernate.Version                    : HHH000412: Hibernate Core {5.0.12.Final}
2019-03-25 14:27:19.746  INFO 12724 --- [restartedMain] org.hibernate.cfg.Environment            : HHH000206: hibernate.properties not found
2019-03-25 14:27:19.747  INFO 12724 --- [restartedMain] org.hibernate.cfg.Environment            : HHH000021: Bytecode provider name : javassist
2019-03-25 14:27:19.775  INFO 12724 --- [restartedMain] o.hibernate.annotations.common.Version   : HCANN000001: Hibernate Commons Annotations {5.0.1.Final}
2019-03-25 14:27:19.842  INFO 12724 --- [restartedMain] org.hibernate.dialect.Dialect            : HHH000400: Using dialect: org.hibernate.dialect.MySQL5Dialect
2019-03-25 14:27:20.210  INFO 12724 --- [restartedMain] org.hibernate.tool.hbm2ddl.SchemaUpdate  : HHH000228: Running hbm2ddl schema update
2019-03-25 14:27:20.263  INFO 12724 --- [restartedMain] j.LocalContainerEntityManagerFactoryBean : Initialized JPA EntityManagerFactory for persistence unit 'default'
2019-03-25 14:27:20.597  INFO 12724 --- [restartedMain] s.w.s.m.m.a.RequestMappingHandlerAdapter : Looking for @ControllerAdvice: org.springframework.boot.context.embedded.AnnotationConfigEmbeddedWebApplicationContext@16805eca: startup date [Mon Mar 25 14:27:17 MMT 2019]; root of context hierarchy
2019-03-25 14:27:20.652  INFO 12724 --- [restartedMain] s.w.s.m.m.a.RequestMappingHandlerMapping : Mapped "{[/company/employees/{id}],methods=[GET]}" onto public org.springframework.http.ResponseEntity<Employee> EmployeeController.getEmployeeById(java.lang.Long)
2019-03-25 14:27:20.653  INFO 12724 --- [restartedMain] s.w.s.m.m.a.RequestMappingHandlerMapping : Mapped "{[/company/employees],methods=[GET]}" onto public java.util.List<Employee> EmployeeController.getAllEmployees()
2019-03-25 14:27:20.653  INFO 12724 --- [restartedMain] s.w.s.m.m.a.RequestMappingHandlerMapping : Mapped "{[/company/employees],methods=[POST]}" onto public Employee EmployeeController.createEmployee(Employee)
2019-03-25 14:27:20.653  INFO 12724 --- [restartedMain] s.w.s.m.m.a.RequestMappingHandlerMapping : Mapped "{[/company/employees/{id}],methods=[DELETE]}" onto public org.springframework.http.ResponseEntity<Employee> EmployeeController.deleteEmployee(java.lang.Long)
2019-03-25 14:27:20.654  INFO 12724 --- [restartedMain] s.w.s.m.m.a.RequestMappingHandlerMapping : Mapped "{[/company/employees/{id}],methods=[PUT]}" onto public org.springframework.http.ResponseEntity<Employee> EmployeeController.updateEmployee(java.lang.Long,Employee)
2019-03-25 14:27:20.656  INFO 12724 --- [restartedMain] s.w.s.m.m.a.RequestMappingHandlerMapping : Mapped "{[/error]}" onto public org.springframework.http.ResponseEntity<java.util.Map<java.lang.String, java.lang.Object>> org.springframework.boot.autoconfigure.web.BasicErrorController.error(javax.servlet.http.HttpServletRequest)
2019-03-25 14:27:20.656  INFO 12724 --- [restartedMain] s.w.s.m.m.a.RequestMappingHandlerMapping : Mapped "{[/error],produces=[text/html]}" onto public org.springframework.web.servlet.ModelAndView org.springframework.boot.autoconfigure.web.BasicErrorController.errorHtml(javax.servlet.http.HttpServletRequest,javax.servlet.http.HttpServletResponse)
2019-03-25 14:27:20.680  INFO 12724 --- [restartedMain] o.s.w.s.handler.SimpleUrlHandlerMapping  : Mapped URL path [/webjars/**] onto handler of type [class org.springframework.web.servlet.resource.ResourceHttpRequestHandler]
2019-03-25 14:27:20.680  INFO 12724 --- [restartedMain] o.s.w.s.handler.SimpleUrlHandlerMapping  : Mapped URL path [/**] onto handler of type [class org.springframework.web.servlet.resource.ResourceHttpRequestHandler]
2019-03-25 14:27:20.705  INFO 12724 --- [restartedMain] o.s.w.s.handler.SimpleUrlHandlerMapping  : Mapped URL path [/**/favicon.ico] onto handler of type [class org.springframework.web.servlet.resource.ResourceHttpRequestHandler]
2019-03-25 14:27:20.865  INFO 12724 --- [restartedMain] o.s.b.d.a.OptionalLiveReloadServer       : LiveReload server is running on port 35729
2019-03-25 14:27:20.909  INFO 12724 --- [restartedMain] o.s.j.e.a.AnnotationMBeanExporter        : Registering beans for JMX exposure on startup
2019-03-25 14:27:20.949  INFO 12724 --- [restartedMain] s.b.c.e.t.TomcatEmbeddedServletContainer : Tomcat started on port(s): 8397 (http)
2019-03-25 14:27:20.954  INFO 12724 --- [restartedMain] c.l.s.EmployeeApplication                : Started EmployeeApplication in 3.721 seconds (JVM running for 4.539)
2019-03-25 16:41:30.343  INFO 12724 --- [http-nio-8397-exec-2] o.a.c.c.C.[Tomcat].[localhost].[/]       : Initializing Spring FrameworkServlet 'dispatcherServlet'
2019-03-25 16:41:30.345  INFO 12724 --- [http-nio-8397-exec-2] o.s.web.servlet.DispatcherServlet        : FrameworkServlet 'dispatcherServlet': initialization started
2019-03-25 16:41:30.392  INFO 12724 --- [http-nio-8397-exec-2] o.s.web.servlet.DispatcherServlet        : FrameworkServlet 'dispatcherServlet': initialization completed in 47 ms
2019-03-25 16:41:30.591  WARN 12724 --- [http-nio-8397-exec-2] .w.s.m.s.DefaultHandlerExceptionResolver : Resolved exception caused by Handler execution: org.springframework.web.bind.MethodArgumentNotValidException: Validation failed for argument at index 0 in method: public com.letsstartcoding.springbootrestapiexample.model.Employee com.letsstartcoding.springbootrestapiexample.controller.EmployeeController.createEmployee(com.letsstartcoding.springbootrestapiexample.model.Employee), with 1 error(s): [Field error in object 'employee' on field 'designation': rejected value [null]; codes [NotBlank.employee.designation,NotBlank.designation,NotBlank.java.lang.String,NotBlank]; arguments [org.springframework.context.support.DefaultMessageSourceResolvable: codes [employee.designation,designation]; arguments []; default message [designation]]; default message [may not be empty]] 
2019-03-25 16:43:29.322  INFO 12724 --- [http-nio-8397-exec-8] o.h.h.i.QueryTranslatorFactoryInitiator  : HHH000397: Using ASTQueryTranslatorFactory
2019-03-25 16:49:08.918  INFO 6504 --- [restartedMain] com.nnt.backend.EmployeeApplication      : Starting EmployeeApplication on MYT-NAYNYEINTUN with PID 6504 (started by naynyeintun in D:\Mytel NNT\Test\springbootrestapiexample)
2019-03-25 16:49:08.919  INFO 6504 --- [restartedMain] com.nnt.backend.EmployeeApplication      : No active profile set, falling back to default profiles: default
2019-03-25 16:49:09.009  INFO 6504 --- [restartedMain] ationConfigEmbeddedWebApplicationContext : Refreshing org.springframework.boot.context.embedded.AnnotationConfigEmbeddedWebApplicationContext@43477efa: startup date [Mon Mar 25 16:49:09 MMT 2019]; root of context hierarchy
2019-03-25 16:49:10.444  INFO 6504 --- [restartedMain] s.b.c.e.t.TomcatEmbeddedServletContainer : Tomcat initialized with port(s): 8397 (http)
2019-03-25 16:49:10.450  INFO 6504 --- [restartedMain] o.apache.catalina.core.StandardService   : Starting service [Tomcat]
2019-03-25 16:49:10.451  INFO 6504 --- [restartedMain] org.apache.catalina.core.StandardEngine  : Starting Servlet Engine: Apache Tomcat/8.5.15
2019-03-25 16:49:10.522  INFO 6504 --- [localhost-startStop-1] o.a.c.c.C.[Tomcat].[localhost].[/]       : Initializing Spring embedded WebApplicationContext
2019-03-25 16:49:10.522  INFO 6504 --- [localhost-startStop-1] o.s.web.context.ContextLoader            : Root WebApplicationContext: initialization completed in 1515 ms
2019-03-25 16:49:10.615  INFO 6504 --- [localhost-startStop-1] o.s.b.w.servlet.ServletRegistrationBean  : Mapping servlet: 'dispatcherServlet' to [/]
2019-03-25 16:49:10.615  INFO 6504 --- [localhost-startStop-1] o.s.b.w.servlet.FilterRegistrationBean   : Mapping filter: 'characterEncodingFilter' to: [/*]
2019-03-25 16:49:10.615  INFO 6504 --- [localhost-startStop-1] o.s.b.w.servlet.FilterRegistrationBean   : Mapping filter: 'hiddenHttpMethodFilter' to: [/*]
2019-03-25 16:49:10.615  INFO 6504 --- [localhost-startStop-1] o.s.b.w.servlet.FilterRegistrationBean   : Mapping filter: 'httpPutFormContentFilter' to: [/*]
2019-03-25 16:49:10.615  INFO 6504 --- [localhost-startStop-1] o.s.b.w.servlet.FilterRegistrationBean   : Mapping filter: 'requestContextFilter' to: [/*]
2019-03-25 16:49:11.203  INFO 6504 --- [restartedMain] j.LocalContainerEntityManagerFactoryBean : Building JPA container EntityManagerFactory for persistence unit 'default'
2019-03-25 16:49:11.219  INFO 6504 --- [restartedMain] o.hibernate.jpa.internal.util.LogHelper  : HHH000204: Processing PersistenceUnitInfo [
	name: default
	...]
2019-03-25 16:49:11.266  INFO 6504 --- [restartedMain] org.hibernate.Version                    : HHH000412: Hibernate Core {5.0.12.Final}
2019-03-25 16:49:11.266  INFO 6504 --- [restartedMain] org.hibernate.cfg.Environment            : HHH000206: hibernate.properties not found
2019-03-25 16:49:11.266  INFO 6504 --- [restartedMain] org.hibernate.cfg.Environment            : HHH000021: Bytecode provider name : javassist
2019-03-25 16:49:11.297  INFO 6504 --- [restartedMain] o.hibernate.annotations.common.Version   : HCANN000001: Hibernate Commons Annotations {5.0.1.Final}
2019-03-25 16:49:11.370  INFO 6504 --- [restartedMain] org.hibernate.dialect.Dialect            : HHH000400: Using dialect: org.hibernate.dialect.MySQL5Dialect
2019-03-25 16:49:11.734  INFO 6504 --- [restartedMain] org.hibernate.tool.hbm2ddl.SchemaUpdate  : HHH000228: Running hbm2ddl schema update
2019-03-25 16:49:11.781  INFO 6504 --- [restartedMain] j.LocalContainerEntityManagerFactoryBean : Initialized JPA EntityManagerFactory for persistence unit 'default'
2019-03-25 16:49:12.109  INFO 6504 --- [restartedMain] s.w.s.m.m.a.RequestMappingHandlerAdapter : Looking for @ControllerAdvice: org.springframework.boot.context.embedded.AnnotationConfigEmbeddedWebApplicationContext@43477efa: startup date [Mon Mar 25 16:49:09 MMT 2019]; root of context hierarchy
2019-03-25 16:49:12.156  INFO 6504 --- [restartedMain] s.w.s.m.m.a.RequestMappingHandlerMapping : Mapped "{[/company/employees/{id}],methods=[DELETE]}" onto public org.springframework.http.ResponseEntity<com.nnt.backend.model.Employee> com.nnt.backend.controller.EmployeeController.deleteEmployee(java.lang.Long)
2019-03-25 16:49:12.156  INFO 6504 --- [restartedMain] s.w.s.m.m.a.RequestMappingHandlerMapping : Mapped "{[/company/employees],methods=[POST]}" onto public com.nnt.backend.model.Employee com.nnt.backend.controller.EmployeeController.createEmployee(com.nnt.backend.model.Employee)
2019-03-25 16:49:12.156  INFO 6504 --- [restartedMain] s.w.s.m.m.a.RequestMappingHandlerMapping : Mapped "{[/company/employees/{id}],methods=[GET]}" onto public org.springframework.http.ResponseEntity<com.nnt.backend.model.Employee> com.nnt.backend.controller.EmployeeController.getEmployeeById(java.lang.Long)
2019-03-25 16:49:12.156  INFO 6504 --- [restartedMain] s.w.s.m.m.a.RequestMappingHandlerMapping : Mapped "{[/company/employees/{id}],methods=[PUT]}" onto public org.springframework.http.ResponseEntity<com.nnt.backend.model.Employee> com.nnt.backend.controller.EmployeeController.updateEmployee(java.lang.Long,com.nnt.backend.model.Employee)
2019-03-25 16:49:12.156  INFO 6504 --- [restartedMain] s.w.s.m.m.a.RequestMappingHandlerMapping : Mapped "{[/company/employees],methods=[GET]}" onto public java.util.List<com.nnt.backend.model.Employee> com.nnt.backend.controller.EmployeeController.getAllEmployees()
2019-03-25 16:49:12.172  INFO 6504 --- [restartedMain] s.w.s.m.m.a.RequestMappingHandlerMapping : Mapped "{[/error]}" onto public org.springframework.http.ResponseEntity<java.util.Map<java.lang.String, java.lang.Object>> org.springframework.boot.autoconfigure.web.BasicErrorController.error(javax.servlet.http.HttpServletRequest)
2019-03-25 16:49:12.172  INFO 6504 --- [restartedMain] s.w.s.m.m.a.RequestMappingHandlerMapping : Mapped "{[/error],produces=[text/html]}" onto public org.springframework.web.servlet.ModelAndView org.springframework.boot.autoconfigure.web.BasicErrorController.errorHtml(javax.servlet.http.HttpServletRequest,javax.servlet.http.HttpServletResponse)
2019-03-25 16:49:12.188  INFO 6504 --- [restartedMain] o.s.w.s.handler.SimpleUrlHandlerMapping  : Mapped URL path [/webjars/**] onto handler of type [class org.springframework.web.servlet.resource.ResourceHttpRequestHandler]
2019-03-25 16:49:12.188  INFO 6504 --- [restartedMain] o.s.w.s.handler.SimpleUrlHandlerMapping  : Mapped URL path [/**] onto handler of type [class org.springframework.web.servlet.resource.ResourceHttpRequestHandler]
2019-03-25 16:49:12.219  INFO 6504 --- [restartedMain] o.s.w.s.handler.SimpleUrlHandlerMapping  : Mapped URL path [/**/favicon.ico] onto handler of type [class org.springframework.web.servlet.resource.ResourceHttpRequestHandler]
2019-03-25 16:49:12.436  INFO 6504 --- [restartedMain] o.s.b.d.a.OptionalLiveReloadServer       : LiveReload server is running on port 35729
2019-03-25 16:49:12.479  INFO 6504 --- [restartedMain] o.s.j.e.a.AnnotationMBeanExporter        : Registering beans for JMX exposure on startup
2019-03-25 16:49:12.510  INFO 6504 --- [restartedMain] s.b.c.e.t.TomcatEmbeddedServletContainer : Tomcat started on port(s): 8397 (http)
2019-03-25 16:49:12.510  INFO 6504 --- [restartedMain] com.nnt.backend.EmployeeApplication      : Started EmployeeApplication in 3.873 seconds (JVM running for 4.675)
